<?xml version="1.0" encoding="UTF-8"?>
<testng-results skipped="0" failed="0" total="1" passed="1">
  <reporter-output>
  </reporter-output>
  <suite name="TestSuite" duration-ms="24966" started-at="2020-01-04T02:57:54Z" finished-at="2020-01-04T02:58:19Z">
    <groups>
    </groups>
    <test name="ChromeTest" duration-ms="24966" started-at="2020-01-04T02:57:54Z" finished-at="2020-01-04T02:58:19Z">
      <class name="tests.LoginTests">
        <test-method status="PASS" signature="initDriver()[pri:0, instance:tests.LoginTests@6b2fad11]" name="initDriver" is-config="true" duration-ms="22232" started-at="2020-01-03T18:57:54Z" finished-at="2020-01-03T18:58:16Z">
          <reporter-output>
          </reporter-output>
        </test-method> <!-- initDriver -->
        <test-method status="PASS" signature="LoginTest()[pri:0, instance:tests.LoginTests@6b2fad11]" name="LoginTest" duration-ms="2435" started-at="2020-01-03T18:58:16Z" finished-at="2020-01-03T18:58:19Z">
          <reporter-output>
          </reporter-output>
        </test-method> <!-- LoginTest -->
      </class> <!-- tests.LoginTests -->
    </test> <!-- ChromeTest -->
  </suite> <!-- TestSuite -->
</testng-results>
